# JRE version: OpenJDK Runtime Environment Temurin-17.0.13+11 (17.0.13+11) (build 17.0.13+11)
# Java VM: OpenJDK 64-Bit Server VM Temurin-17.0.13+11 (17.0.13+11, mixed mode, tiered, compressed oops, compressed class ptrs, parallel gc, windows-amd64)
GC Precious Log:
 CPUs: 8 total, 8 available
 Memory: 7558M
 Large Page Support: Disabled
 NUMA Support: Disabled
 Compressed Oops: Enabled (32-bit)
 Alignments: Space 512K, Generation 512K, Heap 2M
 Heap Min Capacity: 100M
 Heap Initial Capacity: 100M
 Heap Max Capacity: 1G
 Pre-touch: Disabled
 Parallel Workers: 8
Heap:
 PSYoungGen      total 47104K, used 22755K [0x00000000eab00000, 0x00000000ee280000, 0x0000000100000000)
  eden space 43008K, 43% used [0x00000000eab00000,0x00000000ebd3dbb0,0x00000000ed500000)
  from space 4096K, 99% used [0x00000000ede80000,0x00000000ee27b200,0x00000000ee280000)
  to   space 5120K, 0% used [0x00000000ed880000,0x00000000ed880000,0x00000000edd80000)
 ParOldGen       total 381952K, used 302371K [0x00000000c0000000, 0x00000000d7500000, 0x00000000eab00000)
  object space 381952K, 79% used [0x00000000c0000000,0x00000000d2748d18,0x00000000d7500000)
 Metaspace       used 71976K, committed 73408K, reserved 1179648K
  class space    used 7561K, committed 8128K, reserved 1048576K
GC Heap History (20 events):
Event: 15.984 GC heap before
{Heap before GC invocations=107 (full 7):
 PSYoungGen      total 56832K, used 56819K [0x00000000eab00000, 0x00000000f0a80000, 0x0000000100000000)
  eden space 48128K, 100% used [0x00000000eab00000,0x00000000eda00000,0x00000000eda00000)
  from space 8704K, 99% used [0x00000000eed80000,0x00000000ef5fcd20,0x00000000ef600000)
  to   space 19968K, 0% used [0x00000000eda00000,0x00000000eda00000,0x00000000eed80000)
 ParOldGen       total 381952K, used 282625K [0x00000000c0000000, 0x00000000d7500000, 0x00000000eab00000)
  object space 381952K, 73% used [0x00000000c0000000,0x00000000d1400670,0x00000000d7500000)
 Metaspace       used 71688K, committed 73024K, reserved 1114112K
  class space    used 7546K, committed 8128K, reserved 1048576K
}
Event: 15.997 GC heap after
{Heap after GC invocations=107 (full 7):
 PSYoungGen      total 65024K, used 17300K [0x00000000eab00000, 0x00000000efc80000, 0x0000000100000000)
  eden space 47616K, 0% used [0x00000000eab00000,0x00000000eab00000,0x00000000ed980000)
  from space 17408K, 99% used [0x00000000eda00000,0x00000000eeae5238,0x00000000eeb00000)
  to   space 17920K, 0% used [0x00000000eeb00000,0x00000000eeb00000,0x00000000efc80000)
 ParOldGen       total 381952K, used 291117K [0x00000000c0000000, 0x00000000d7500000, 0x00000000eab00000)
  object space 381952K, 76% used [0x00000000c0000000,0x00000000d1c4b5e8,0x00000000d7500000)
 Metaspace       used 71688K, committed 73024K, reserved 1114112K
  class space    used 7546K, committed 8128K, reserved 1048576K
}
Event: 17.058 GC heap before
{Heap before GC invocations=108 (full 7):
 PSYoungGen      total 65024K, used 64916K [0x00000000eab00000, 0x00000000efc80000, 0x0000000100000000)
  eden space 47616K, 100% used [0x00000000eab00000,0x00000000ed980000,0x00000000ed980000)
  from space 17408K, 99% used [0x00000000eda00000,0x00000000eeae5238,0x00000000eeb00000)
  to   space 17920K, 0% used [0x00000000eeb00000,0x00000000eeb00000,0x00000000efc80000)
 ParOldGen       total 381952K, used 291117K [0x00000000c0000000, 0x00000000d7500000, 0x00000000eab00000)
  object space 381952K, 76% used [0x00000000c0000000,0x00000000d1c4b5e8,0x00000000d7500000)
 Metaspace       used 71717K, committed 73088K, reserved 1114112K
  class space    used 7547K, committed 8128K, reserved 1048576K
}
Event: 17.060 GC heap after
{Heap after GC invocations=108 (full 7):
 PSYoungGen      total 51712K, used 4108K [0x00000000eab00000, 0x00000000eef80000, 0x0000000100000000)
  eden space 47104K, 0% used [0x00000000eab00000,0x00000000eab00000,0x00000000ed900000)
  from space 4608K, 89% used [0x00000000eeb00000,0x00000000eef03028,0x00000000eef80000)
  to   space 9216K, 0% used [0x00000000edd80000,0x00000000edd80000,0x00000000ee680000)
 ParOldGen       total 381952K, used 291125K [0x00000000c0000000, 0x00000000d7500000, 0x00000000eab00000)
  object space 381952K, 76% used [0x00000000c0000000,0x00000000d1c4d5e8,0x00000000d7500000)
 Metaspace       used 71717K, committed 73088K, reserved 1114112K
  class space    used 7547K, committed 8128K, reserved 1048576K
}
Event: 17.290 GC heap before
{Heap before GC invocations=109 (full 7):
 PSYoungGen      total 51712K, used 51212K [0x00000000eab00000, 0x00000000eef80000, 0x0000000100000000)
  eden space 47104K, 100% used [0x00000000eab00000,0x00000000ed900000,0x00000000ed900000)
  from space 4608K, 89% used [0x00000000eeb00000,0x00000000eef03028,0x00000000eef80000)
  to   space 9216K, 0% used [0x00000000edd80000,0x00000000edd80000,0x00000000ee680000)
 ParOldGen       total 381952K, used 291125K [0x00000000c0000000, 0x00000000d7500000, 0x00000000eab00000)
  object space 381952K, 76% used [0x00000000c0000000,0x00000000d1c4d5e8,0x00000000d7500000)
 Metaspace       used 71727K, committed 73088K, reserved 1114112K
  class space    used 7548K, committed 8128K, reserved 1048576K
}
Event: 17.296 GC heap after
{Heap after GC invocations=109 (full 7):
 PSYoungGen      total 55808K, used 9212K [0x00000000eab00000, 0x00000000eef80000, 0x0000000100000000)
  eden space 46592K, 0% used [0x00000000eab00000,0x00000000eab00000,0x00000000ed880000)
  from space 9216K, 99% used [0x00000000edd80000,0x00000000ee67f3d0,0x00000000ee680000)
  to   space 9216K, 0% used [0x00000000ee680000,0x00000000ee680000,0x00000000eef80000)
 ParOldGen       total 381952K, used 292129K [0x00000000c0000000, 0x00000000d7500000, 0x00000000eab00000)
  object space 381952K, 76% used [0x00000000c0000000,0x00000000d1d48678,0x00000000d7500000)
 Metaspace       used 71727K, committed 73088K, reserved 1114112K
  class space    used 7548K, committed 8128K, reserved 1048576K
}
Event: 17.683 GC heap before
{Heap before GC invocations=110 (full 7):
 PSYoungGen      total 55808K, used 55804K [0x00000000eab00000, 0x00000000eef80000, 0x0000000100000000)
  eden space 46592K, 100% used [0x00000000eab00000,0x00000000ed880000,0x00000000ed880000)
  from space 9216K, 99% used [0x00000000edd80000,0x00000000ee67f3d0,0x00000000ee680000)
  to   space 9216K, 0% used [0x00000000ee680000,0x00000000ee680000,0x00000000eef80000)
 ParOldGen       total 381952K, used 292129K [0x00000000c0000000, 0x00000000d7500000, 0x00000000eab00000)
  object space 381952K, 76% used [0x00000000c0000000,0x00000000d1d48678,0x00000000d7500000)
 Metaspace       used 71731K, committed 73088K, reserved 1114112K
  class space    used 7548K, committed 8128K, reserved 1048576K
}
Event: 17.688 GC heap after
{Heap after GC invocations=110 (full 7):
 PSYoungGen      total 49152K, used 3039K [0x00000000eab00000, 0x00000000ee980000, 0x0000000100000000)
  eden space 46080K, 0% used [0x00000000eab00000,0x00000000eab00000,0x00000000ed800000)
  from space 3072K, 98% used [0x00000000ee680000,0x00000000ee977d78,0x00000000ee980000)
  to   space 6144K, 0% used [0x00000000edd80000,0x00000000edd80000,0x00000000ee380000)
 ParOldGen       total 381952K, used 295059K [0x00000000c0000000, 0x00000000d7500000, 0x00000000eab00000)
  object space 381952K, 77% used [0x00000000c0000000,0x00000000d2024e70,0x00000000d7500000)
 Metaspace       used 71731K, committed 73088K, reserved 1114112K
  class space    used 7548K, committed 8128K, reserved 1048576K
}
Event: 17.916 GC heap before
{Heap before GC invocations=111 (full 7):
 PSYoungGen      total 49152K, used 49119K [0x00000000eab00000, 0x00000000ee980000, 0x0000000100000000)
  eden space 46080K, 100% used [0x00000000eab00000,0x00000000ed800000,0x00000000ed800000)
  from space 3072K, 98% used [0x00000000ee680000,0x00000000ee977d78,0x00000000ee980000)
  to   space 6144K, 0% used [0x00000000edd80000,0x00000000edd80000,0x00000000ee380000)
 ParOldGen       total 381952K, used 295059K [0x00000000c0000000, 0x00000000d7500000, 0x00000000eab00000)
  object space 381952K, 77% used [0x00000000c0000000,0x00000000d2024e70,0x00000000d7500000)
 Metaspace       used 71731K, committed 73088K, reserved 1114112K
  class space    used 7548K, committed 8128K, reserved 1048576K
}
Event: 17.922 GC heap after
{Heap after GC invocations=111 (full 7):
 PSYoungGen      total 51712K, used 6136K [0x00000000eab00000, 0x00000000ee780000, 0x0000000100000000)
  eden space 45568K, 0% used [0x00000000eab00000,0x00000000eab00000,0x00000000ed780000)
  from space 6144K, 99% used [0x00000000edd80000,0x00000000ee37e108,0x00000000ee380000)
  to   space 4096K, 0% used [0x00000000ee380000,0x00000000ee380000,0x00000000ee780000)
 ParOldGen       total 381952K, used 296243K [0x00000000c0000000, 0x00000000d7500000, 0x00000000eab00000)
  object space 381952K, 77% used [0x00000000c0000000,0x00000000d214ce70,0x00000000d7500000)
 Metaspace       used 71731K, committed 73088K, reserved 1114112K
  class space    used 7548K, committed 8128K, reserved 1048576K
}
Event: 18.585 GC heap before
{Heap before GC invocations=112 (full 7):
 PSYoungGen      total 51712K, used 51704K [0x00000000eab00000, 0x00000000ee780000, 0x0000000100000000)
  eden space 45568K, 100% used [0x00000000eab00000,0x00000000ed780000,0x00000000ed780000)
  from space 6144K, 99% used [0x00000000edd80000,0x00000000ee37e108,0x00000000ee380000)
  to   space 4096K, 0% used [0x00000000ee380000,0x00000000ee380000,0x00000000ee780000)
 ParOldGen       total 381952K, used 296243K [0x00000000c0000000, 0x00000000d7500000, 0x00000000eab00000)
  object space 381952K, 77% used [0x00000000c0000000,0x00000000d214ce70,0x00000000d7500000)
 Metaspace       used 71959K, committed 73344K, reserved 1114112K
  class space    used 7561K, committed 8128K, reserved 1048576K
}
Event: 18.589 GC heap after
{Heap after GC invocations=112 (full 7):
 PSYoungGen      total 48128K, used 2940K [0x00000000eab00000, 0x00000000ee680000, 0x0000000100000000)
  eden space 45056K, 0% used [0x00000000eab00000,0x00000000eab00000,0x00000000ed700000)
  from space 3072K, 95% used [0x00000000ee380000,0x00000000ee65f210,0x00000000ee680000)
  to   space 4608K, 0% used [0x00000000edd80000,0x00000000edd80000,0x00000000ee200000)
 ParOldGen       total 381952K, used 296675K [0x00000000c0000000, 0x00000000d7500000, 0x00000000eab00000)
  object space 381952K, 77% used [0x00000000c0000000,0x00000000d21b8e70,0x00000000d7500000)
 Metaspace       used 71959K, committed 73344K, reserved 1114112K
  class space    used 7561K, committed 8128K, reserved 1048576K
}
Event: 18.746 GC heap before
{Heap before GC invocations=113 (full 7):
 PSYoungGen      total 48128K, used 47996K [0x00000000eab00000, 0x00000000ee680000, 0x0000000100000000)
  eden space 45056K, 100% used [0x00000000eab00000,0x00000000ed700000,0x00000000ed700000)
  from space 3072K, 95% used [0x00000000ee380000,0x00000000ee65f210,0x00000000ee680000)
  to   space 4608K, 0% used [0x00000000edd80000,0x00000000edd80000,0x00000000ee200000)
 ParOldGen       total 381952K, used 296675K [0x00000000c0000000, 0x00000000d7500000, 0x00000000eab00000)
  object space 381952K, 77% used [0x00000000c0000000,0x00000000d21b8e70,0x00000000d7500000)
 Metaspace       used 71959K, committed 73408K, reserved 1179648K
  class space    used 7561K, committed 8128K, reserved 1048576K
}
Event: 18.752 GC heap after
{Heap after GC invocations=113 (full 7):
 PSYoungGen      total 49152K, used 4580K [0x00000000eab00000, 0x00000000ee980000, 0x0000000100000000)
  eden space 44544K, 0% used [0x00000000eab00000,0x00000000eab00000,0x00000000ed680000)
  from space 4608K, 99% used [0x00000000edd80000,0x00000000ee1f9010,0x00000000ee200000)
  to   space 7680K, 0% used [0x00000000ee200000,0x00000000ee200000,0x00000000ee980000)
 ParOldGen       total 381952K, used 300787K [0x00000000c0000000, 0x00000000d7500000, 0x00000000eab00000)
  object space 381952K, 78% used [0x00000000c0000000,0x00000000d25bcd18,0x00000000d7500000)
 Metaspace       used 71959K, committed 73408K, reserved 1179648K
  class space    used 7561K, committed 8128K, reserved 1048576K
}
Event: 18.991 GC heap before
{Heap before GC invocations=114 (full 7):
 PSYoungGen      total 49152K, used 49124K [0x00000000eab00000, 0x00000000ee980000, 0x0000000100000000)
  eden space 44544K, 100% used [0x00000000eab00000,0x00000000ed680000,0x00000000ed680000)
  from space 4608K, 99% used [0x00000000edd80000,0x00000000ee1f9010,0x00000000ee200000)
  to   space 7680K, 0% used [0x00000000ee200000,0x00000000ee200000,0x00000000ee980000)
 ParOldGen       total 381952K, used 300787K [0x00000000c0000000, 0x00000000d7500000, 0x00000000eab00000)
  object space 381952K, 78% used [0x00000000c0000000,0x00000000d25bcd18,0x00000000d7500000)
 Metaspace       used 71973K, committed 73408K, reserved 1179648K
  class space    used 7561K, committed 8128K, reserved 1048576K
}
Event: 18.997 GC heap after
{Heap after GC invocations=114 (full 7):
 PSYoungGen      total 47616K, used 3269K [0x00000000eab00000, 0x00000000ee580000, 0x0000000100000000)
  eden space 44032K, 0% used [0x00000000eab00000,0x00000000eab00000,0x00000000ed600000)
  from space 3584K, 91% used [0x00000000ee200000,0x00000000ee5315e8,0x00000000ee580000)
  to   space 5632K, 0% used [0x00000000eda80000,0x00000000eda80000,0x00000000ee000000)
 ParOldGen       total 381952K, used 301787K [0x00000000c0000000, 0x00000000d7500000, 0x00000000eab00000)
  object space 381952K, 79% used [0x00000000c0000000,0x00000000d26b6d18,0x00000000d7500000)
 Metaspace       used 71973K, committed 73408K, reserved 1179648K
  class space    used 7561K, committed 8128K, reserved 1048576K
}
Event: 19.253 GC heap before
{Heap before GC invocations=115 (full 7):
 PSYoungGen      total 47616K, used 47301K [0x00000000eab00000, 0x00000000ee580000, 0x0000000100000000)
  eden space 44032K, 100% used [0x00000000eab00000,0x00000000ed600000,0x00000000ed600000)
  from space 3584K, 91% used [0x00000000ee200000,0x00000000ee5315e8,0x00000000ee580000)
  to   space 5632K, 0% used [0x00000000eda80000,0x00000000eda80000,0x00000000ee000000)
 ParOldGen       total 381952K, used 301787K [0x00000000c0000000, 0x00000000d7500000, 0x00000000eab00000)
  object space 381952K, 79% used [0x00000000c0000000,0x00000000d26b6d18,0x00000000d7500000)
 Metaspace       used 71975K, committed 73408K, reserved 1179648K
  class space    used 7561K, committed 8128K, reserved 1048576K
}
Event: 19.257 GC heap after
{Heap after GC invocations=115 (full 7):
 PSYoungGen      total 47616K, used 3859K [0x00000000eab00000, 0x00000000ee280000, 0x0000000100000000)
  eden space 43520K, 0% used [0x00000000eab00000,0x00000000eab00000,0x00000000ed580000)
  from space 4096K, 94% used [0x00000000eda80000,0x00000000ede44e18,0x00000000ede80000)
  to   space 4096K, 0% used [0x00000000ede80000,0x00000000ede80000,0x00000000ee280000)
 ParOldGen       total 381952K, used 301787K [0x00000000c0000000, 0x00000000d7500000, 0x00000000eab00000)
  object space 381952K, 79% used [0x00000000c0000000,0x00000000d26b6d18,0x00000000d7500000)
 Metaspace       used 71975K, committed 73408K, reserved 1179648K
  class space    used 7561K, committed 8128K, reserved 1048576K
}
Event: 19.537 GC heap before
{Heap before GC invocations=116 (full 7):
 PSYoungGen      total 47616K, used 47379K [0x00000000eab00000, 0x00000000ee280000, 0x0000000100000000)
  eden space 43520K, 100% used [0x00000000eab00000,0x00000000ed580000,0x00000000ed580000)
  from space 4096K, 94% used [0x00000000eda80000,0x00000000ede44e18,0x00000000ede80000)
  to   space 4096K, 0% used [0x00000000ede80000,0x00000000ede80000,0x00000000ee280000)
 ParOldGen       total 381952K, used 301787K [0x00000000c0000000, 0x00000000d7500000, 0x00000000eab00000)
  object space 381952K, 79% used [0x00000000c0000000,0x00000000d26b6d18,0x00000000d7500000)
 Metaspace       used 71976K, committed 73408K, reserved 1179648K
  class space    used 7561K, committed 8128K, reserved 1048576K
}
Event: 19.542 GC heap after
{Heap after GC invocations=116 (full 7):
 PSYoungGen      total 47104K, used 4076K [0x00000000eab00000, 0x00000000ee280000, 0x0000000100000000)
  eden space 43008K, 0% used [0x00000000eab00000,0x00000000eab00000,0x00000000ed500000)
  from space 4096K, 99% used [0x00000000ede80000,0x00000000ee27b200,0x00000000ee280000)
  to   space 5120K, 0% used [0x00000000ed880000,0x00000000ed880000,0x00000000edd80000)
 ParOldGen       total 381952K, used 302371K [0x00000000c0000000, 0x00000000d7500000, 0x00000000eab00000)
  object space 381952K, 79% used [0x00000000c0000000,0x00000000d2748d18,0x00000000d7500000)
 Metaspace       used 71976K, committed 73408K, reserved 1179648K
  class space    used 7561K, committed 8128K, reserved 1048576K
}

